14/06/2019 10:14:36	This log contains information about the import schema operation into project 'GOL.Database' on computer 'NTM003' by user 'Denis'.
14/06/2019 10:14:36	Import of database schema has started.
14/06/2019 10:14:41	Gathering database credentials
14/06/2019 10:14:41	Gathering database options
14/06/2019 10:14:41	Gathering users
14/06/2019 10:14:41	Gathering roles
14/06/2019 10:14:41	Gathering application roles
14/06/2019 10:14:41	Gathering role memberships
14/06/2019 10:14:41	Gathering filegroups
14/06/2019 10:14:41	Gathering full-text catalogs
14/06/2019 10:14:41	Gathering assemblies
14/06/2019 10:14:41	Gathering certificates
14/06/2019 10:14:41	Gathering asymmetric keys
14/06/2019 10:14:41	Gathering symmetric keys
14/06/2019 10:14:41	Gathering encrypted symmetric keys
14/06/2019 10:14:41	Gathering schemas
14/06/2019 10:14:41	Gathering XML schema collections
14/06/2019 10:14:41	Gathering user-defined data types
14/06/2019 10:14:41	Gathering user-defined types
14/06/2019 10:14:41	Gathering table types
14/06/2019 10:14:41	Gathering unique keys for table types
14/06/2019 10:14:41	Gathering primary keys for table types
14/06/2019 10:14:41	Gathering indexes for table types
14/06/2019 10:14:41	Gathering check constraints for table types
14/06/2019 10:14:41	Gathering default constraints for table types
14/06/2019 10:14:41	Gathering partition functions
14/06/2019 10:14:41	Gathering partition schemes
14/06/2019 10:14:41	Gathering functions
14/06/2019 10:14:41	Gathering encrypted functions
14/06/2019 10:14:41	Gathering aggregates
14/06/2019 10:14:41	Gathering procedures
14/06/2019 10:14:41	Gathering encrypted procedures
14/06/2019 10:14:41	Gathering tables
14/06/2019 10:14:41	Gathering primary keys
14/06/2019 10:14:41	Gathering unique constraints
14/06/2019 10:14:41	Gathering foreign keys
14/06/2019 10:14:41	Gathering default constraints
14/06/2019 10:14:41	Gathering check constraints
14/06/2019 10:14:41	Gathering views
14/06/2019 10:14:41	Gathering encrypted views
14/06/2019 10:14:41	Gathering indexes
14/06/2019 10:14:41	Gathering statistics
14/06/2019 10:14:41	Gathering full-text index stoplists
14/06/2019 10:14:41	Gathering search property lists
14/06/2019 10:14:41	Gathering search properties
14/06/2019 10:14:41	Gathering full-text indexes
14/06/2019 10:14:41	Gathering column store indexes
14/06/2019 10:14:41	Gathering spatial indexes
14/06/2019 10:14:41	Gathering XML indexes
14/06/2019 10:14:42	Gathering Selective XML indexes
14/06/2019 10:14:42	Gathering encrypted triggers
14/06/2019 10:14:42	Gathering triggers
14/06/2019 10:14:42	Gathering encrypted and clr ddl triggers
14/06/2019 10:14:42	Gathering ddl triggers
14/06/2019 10:14:42	Gathering synonyms
14/06/2019 10:14:42	Gathering defaults
14/06/2019 10:14:42	Gathering data constraint uddt bindings
14/06/2019 10:14:42	Gathering rules
14/06/2019 10:14:42	Gathering data constraint uddt bindings
14/06/2019 10:14:42	Gathering message types
14/06/2019 10:14:42	Gathering queues
14/06/2019 10:14:42	Gathering contracts
14/06/2019 10:14:42	Gathering services
14/06/2019 10:14:42	Gathering event notifications
14/06/2019 10:14:42	Gathering remote service bindings
14/06/2019 10:14:42	Gathering broker priorities
14/06/2019 10:14:42	Gathering signatures
14/06/2019 10:14:42	Gathering data compression options
14/06/2019 10:14:42	Gathering sequence types
14/06/2019 10:14:42	Gathering security policies
14/06/2019 10:14:42	Gather column encryption keys
14/06/2019 10:14:42	Gathering column master keys
14/06/2019 10:14:42	Gathering external data sources
14/06/2019 10:14:42	Gathering external file formats
14/06/2019 10:14:42	Gathering external tables
14/06/2019 10:14:42	Gathering extended properties
14/06/2019 10:14:43	Gathering credentials
14/06/2019 10:14:43	Gathering logins
14/06/2019 10:14:43	Gathering server audits
14/06/2019 10:14:43	Scanning project for duplicate elements
14/06/2019 10:14:43	Finished duplicate element processing
14/06/2019 10:14:44	Finished importing database.
14/06/2019 10:14:44	A summary of the import was saved to the following location: C:\Users\Denis\source\repos\GOL\GOL.Database\Import Schema Logs\GOL.Database_20190614011436.log
14/06/2019 10:14:44	Click Finish to continue...
